0 info it worked if it ends with ok
1 verbose cli [ '/usr/local/bin/node', '/usr/local/bin/npm', 'run', 'start' ]
2 info using npm@3.10.10
3 info using node@v6.10.3
4 verbose run-script [ 'prestart', 'start', 'poststart' ]
5 info lifecycle MongooseDash@0.0.1~prestart: MongooseDash@0.0.1
6 verbose lifecycle MongooseDash@0.0.1~prestart: unsafe-perm in lifecycle true
7 verbose lifecycle MongooseDash@0.0.1~prestart: PATH: /usr/local/lib/node_modules/npm/bin/node-gyp-bin:/Users/sharonanchel/Documents/webDev/codingDojo/mean_stack/meanBasic/Application/node_modules/.bin:/usr/local/bin:/usr/bin:/bin:/usr/sbin:/sbin
8 verbose lifecycle MongooseDash@0.0.1~prestart: CWD: /Users/sharonanchel/Documents/webDev/codingDojo/mean_stack/meanBasic/Application
9 silly lifecycle MongooseDash@0.0.1~prestart: Args: [ '-c', 'start mongod && start mongo' ]
10 info lifecycle MongooseDash@0.0.1~prestart: Failed to exec prestart script
11 verbose stack Error: MongooseDash@0.0.1 prestart: `start mongod && start mongo`
11 verbose stack spawn ENOENT
11 verbose stack     at ChildProcess.<anonymous> (/usr/local/lib/node_modules/npm/lib/utils/spawn.js:33:16)
11 verbose stack     at emitTwo (events.js:106:13)
11 verbose stack     at ChildProcess.emit (events.js:191:7)
11 verbose stack     at maybeClose (internal/child_process.js:886:16)
11 verbose stack     at Process.ChildProcess._handle.onexit (internal/child_process.js:226:5)
12 verbose pkgid MongooseDash@0.0.1
13 verbose cwd /Users/sharonanchel/Documents/webDev/codingDojo/mean_stack/meanBasic/Application
14 error Darwin 16.6.0
15 error argv "/usr/local/bin/node" "/usr/local/bin/npm" "run" "start"
16 error node v6.10.3
17 error npm  v3.10.10
18 error file sh
19 error code ELIFECYCLE
20 error errno ENOENT
21 error syscall spawn
22 error MongooseDash@0.0.1 prestart: `start mongod && start mongo`
22 error spawn ENOENT
23 error Failed at the MongooseDash@0.0.1 prestart script 'start mongod && start mongo'.
23 error Make sure you have the latest version of node.js and npm installed.
23 error If you do, this is most likely a problem with the MongooseDash package,
23 error not with npm itself.
23 error Tell the author that this fails on your system:
23 error     start mongod && start mongo
23 error You can get information on how to open an issue for this project with:
23 error     npm bugs MongooseDash
23 error Or if that isn't available, you can get their info via:
23 error     npm owner ls MongooseDash
23 error There is likely additional logging output above.
24 verbose exit [ 1, true ]
